<?xml version="1.0" encoding="UTF-8" ?>
<testsuite tests="8" failures="0" name="runner.TestRunner" time="0.117" errors="0" skipped="0">
  <properties>
[...]
</properties>
  <testcase classname="| watch |" name="Given I am open Amazon Webpage" time="0.001"/>
  <testcase classname="| watch |" name="And I search for a &quot;watch&quot;" time="0"/>
  <testcase classname="| watch |" name="Then I should see results" time="0"/>
  <testcase classname="| watch |" name="| watch |" time="0.058"/>
  <testcase classname="| iphone |" name="Given I am open Amazon Webpage" time="0"/>
  <testcase classname="| iphone |" name="And I search for a &quot;iphone&quot;" time="0"/>
  <testcase classname="| iphone |" name="Then I should see results" time="0"/>
  <testcase classname="| iphone |" name="| iphone |" time="0.058"/>
</testsuite>